<?xml version="1.0" encoding="UTF-8"?>
<testng-results ignored="0" total="1" passed="1" failed="0" skipped="0">
  <reporter-output>
  </reporter-output>
  <suite started-at="2021-10-28T15:59:25 IST" name="Default suite" finished-at="2021-10-28T15:59:59 IST" duration-ms="34276">
    <groups>
      <group name="Regression">
        <method signature="LoginTest.verifyLogin(java.util.Hashtable)[pri:0, instance:TestCases.LoginTest@2d0399f4]" name="verifyLogin" class="TestCases.LoginTest"/>
      </group> <!-- Regression -->
      <group name="LoginTest">
        <method signature="LoginTest.verifyLogin(java.util.Hashtable)[pri:0, instance:TestCases.LoginTest@2d0399f4]" name="verifyLogin" class="TestCases.LoginTest"/>
      </group> <!-- LoginTest -->
    </groups>
    <test started-at="2021-10-28T15:59:25 IST" name="Default test" finished-at="2021-10-28T15:59:59 IST" duration-ms="34276">
      <class name="TestCases.LoginTest">
        <test-method signature="verifyLogin(java.util.Hashtable)[pri:0, instance:TestCases.LoginTest@2d0399f4]" started-at="2021-10-28T15:59:26 IST" name="verifyLogin" data-provider="verifyLoginTestData" finished-at="2021-10-28T15:59:59 IST" duration-ms="32728" status="PASS">
          <params>
            <param index="0">
              <value>
                <![CDATA[{Password=Kirti666, UserName=Mkirti666@gmail.com}]]>
              </value>
            </param>
          </params>
          <reporter-output>
          </reporter-output>
        </test-method> <!-- verifyLogin -->
        <test-method is-config="true" signature="flushReports()[pri:0, instance:TestCases.LoginTest@2d0399f4]" started-at="2021-10-28T15:59:59 IST" name="flushReports" finished-at="2021-10-28T15:59:59 IST" duration-ms="496" status="PASS">
          <reporter-output>
          </reporter-output>
        </test-method> <!-- flushReports -->
      </class> <!-- TestCases.LoginTest -->
    </test> <!-- Default test -->
  </suite> <!-- Default suite -->
</testng-results>
